<?xml version="1.0" encoding="UTF-8"?>
<robot generator="Robot 3.2.1 (Python 3.8.2 on darwin)" generated="20200901 14:23:49.661" rpa="false">
<suite id="s1" name="Amazon" source="/Users/tanimkamal/Documents/robot-scripts/amazon/tests/amazon.robot">
<kw name="Insert Testing Data" library="Common" type="setup">
<kw name="Log" library="BuiltIn">
<doc>Logs the given message with the given level.</doc>
<arguments>
<arg>I am setting up the test data...</arg>
</arguments>
<msg timestamp="20200901 14:23:49.924" level="INFO">I am setting up the test data...</msg>
<status status="PASS" starttime="20200901 14:23:49.924" endtime="20200901 14:23:49.924"></status>
</kw>
<status status="PASS" starttime="20200901 14:23:49.923" endtime="20200901 14:23:49.925"></status>
</kw>
<test id="s1-t1" name="User can search for products">
<kw name="Begin web test" library="Common" type="setup">
<kw name="Open Browser" library="SeleniumLibrary">
<doc>Opens a new browser instance to the optional ``url``.</doc>
<arguments>
<arg>about:blank</arg>
<arg>${BROWSER}</arg>
</arguments>
<msg timestamp="20200901 14:23:49.926" level="INFO">Opening browser 'firefox' to base url 'about:blank'.</msg>
<msg timestamp="20200901 14:23:49.927" level="INFO">Firefox driver log is always forced to to: /Users/tanimkamal/Documents/robot-scripts/amazon/results/geckodriver-3.log</msg>
<status status="PASS" starttime="20200901 14:23:49.926" endtime="20200901 14:23:54.291"></status>
</kw>
<status status="PASS" starttime="20200901 14:23:49.926" endtime="20200901 14:23:54.291"></status>
</kw>
<kw name="Search for products" library="AmazonApp">
<kw name="Load" library="LandingPage">
<kw name="Go To" library="SeleniumLibrary">
<doc>Navigates the current browser window to the provided ``url``.</doc>
<arguments>
<arg>${START_URL}</arg>
</arguments>
<msg timestamp="20200901 14:23:54.293" level="INFO">Opening url 'http://www.amazon.com'</msg>
<status status="PASS" starttime="20200901 14:23:54.292" endtime="20200901 14:23:56.136"></status>
</kw>
<status status="PASS" starttime="20200901 14:23:54.292" endtime="20200901 14:23:56.137"></status>
</kw>
<kw name="Verify Page Loaded" library="LandingPage">
<kw name="Wait Until Page Contains" library="SeleniumLibrary">
<doc>Waits until ``text`` appears on the current page.</doc>
<arguments>
<arg>Today's Deals</arg>
</arguments>
<status status="PASS" starttime="20200901 14:23:56.137" endtime="20200901 14:23:56.209"></status>
</kw>
<status status="PASS" starttime="20200901 14:23:56.137" endtime="20200901 14:23:56.209"></status>
</kw>
<kw name="Input Text" library="SeleniumLibrary">
<doc>Types the given ``text`` into the text field identified by ``locator``.</doc>
<arguments>
<arg>id=twotabsearchtextbox</arg>
<arg>${SEARCH_TERM}</arg>
</arguments>
<msg timestamp="20200901 14:23:56.211" level="INFO">Typing text 'Ferrari 458' into text field 'id=twotabsearchtextbox'.</msg>
<status status="PASS" starttime="20200901 14:23:56.209" endtime="20200901 14:23:56.603"></status>
</kw>
<kw name="Click Button" library="SeleniumLibrary">
<doc>Clicks the button identified by ``locator``.</doc>
<arguments>
<arg>xpath=//div[contains(@class,'nav-search-submit nav-sprite')]//input[@type='submit']</arg>
</arguments>
<msg timestamp="20200901 14:23:56.604" level="INFO">Clicking button 'xpath=//div[contains(@class,'nav-search-submit nav-sprite')]//input[@type='submit']'.</msg>
<status status="PASS" starttime="20200901 14:23:56.604" endtime="20200901 14:23:58.337"></status>
</kw>
<kw name="Wait Until Page Contains" library="SeleniumLibrary">
<doc>Waits until ``text`` appears on the current page.</doc>
<arguments>
<arg>Deliver to</arg>
</arguments>
<status status="PASS" starttime="20200901 14:23:58.337" endtime="20200901 14:23:58.388"></status>
</kw>
<status status="PASS" starttime="20200901 14:23:54.292" endtime="20200901 14:23:58.389"></status>
</kw>
<kw name="End web test" library="Common" type="teardown">
<kw name="Close Browser" library="SeleniumLibrary">
<doc>Closes the current browser.</doc>
<status status="PASS" starttime="20200901 14:23:58.389" endtime="20200901 14:23:59.795"></status>
</kw>
<status status="PASS" starttime="20200901 14:23:58.389" endtime="20200901 14:23:59.796"></status>
</kw>
<doc>This is some basic info about the test</doc>
<tags>
<tag>Smoke</tag>
</tags>
<status status="PASS" starttime="20200901 14:23:49.925" endtime="20200901 14:23:59.796" critical="yes"></status>
</test>
<test id="s1-t2" name="User must sign in to checkout">
<kw name="Begin web test" library="Common" type="setup">
<kw name="Open Browser" library="SeleniumLibrary">
<doc>Opens a new browser instance to the optional ``url``.</doc>
<arguments>
<arg>about:blank</arg>
<arg>${BROWSER}</arg>
</arguments>
<msg timestamp="20200901 14:23:59.798" level="INFO">Opening browser 'firefox' to base url 'about:blank'.</msg>
<msg timestamp="20200901 14:23:59.798" level="INFO">Firefox driver log is always forced to to: /Users/tanimkamal/Documents/robot-scripts/amazon/results/geckodriver-4.log</msg>
<status status="PASS" starttime="20200901 14:23:59.797" endtime="20200901 14:24:03.163"></status>
</kw>
<status status="PASS" starttime="20200901 14:23:59.797" endtime="20200901 14:24:03.164"></status>
</kw>
<kw name="Search for products" library="AmazonApp">
<kw name="Load" library="LandingPage">
<kw name="Go To" library="SeleniumLibrary">
<doc>Navigates the current browser window to the provided ``url``.</doc>
<arguments>
<arg>${START_URL}</arg>
</arguments>
<msg timestamp="20200901 14:24:03.165" level="INFO">Opening url 'http://www.amazon.com'</msg>
<status status="PASS" starttime="20200901 14:24:03.165" endtime="20200901 14:24:04.887"></status>
</kw>
<status status="PASS" starttime="20200901 14:24:03.165" endtime="20200901 14:24:04.887"></status>
</kw>
<kw name="Verify Page Loaded" library="LandingPage">
<kw name="Wait Until Page Contains" library="SeleniumLibrary">
<doc>Waits until ``text`` appears on the current page.</doc>
<arguments>
<arg>Today's Deals</arg>
</arguments>
<status status="PASS" starttime="20200901 14:24:04.888" endtime="20200901 14:24:04.933"></status>
</kw>
<status status="PASS" starttime="20200901 14:24:04.887" endtime="20200901 14:24:04.934"></status>
</kw>
<kw name="Input Text" library="SeleniumLibrary">
<doc>Types the given ``text`` into the text field identified by ``locator``.</doc>
<arguments>
<arg>id=twotabsearchtextbox</arg>
<arg>${SEARCH_TERM}</arg>
</arguments>
<msg timestamp="20200901 14:24:04.934" level="INFO">Typing text 'Ferrari 458' into text field 'id=twotabsearchtextbox'.</msg>
<status status="PASS" starttime="20200901 14:24:04.934" endtime="20200901 14:24:04.988"></status>
</kw>
<kw name="Click Button" library="SeleniumLibrary">
<doc>Clicks the button identified by ``locator``.</doc>
<arguments>
<arg>xpath=//div[contains(@class,'nav-search-submit nav-sprite')]//input[@type='submit']</arg>
</arguments>
<msg timestamp="20200901 14:24:04.988" level="INFO">Clicking button 'xpath=//div[contains(@class,'nav-search-submit nav-sprite')]//input[@type='submit']'.</msg>
<status status="PASS" starttime="20200901 14:24:04.988" endtime="20200901 14:24:06.457"></status>
</kw>
<kw name="Wait Until Page Contains" library="SeleniumLibrary">
<doc>Waits until ``text`` appears on the current page.</doc>
<arguments>
<arg>Deliver to</arg>
</arguments>
<status status="PASS" starttime="20200901 14:24:06.458" endtime="20200901 14:24:06.509"></status>
</kw>
<status status="PASS" starttime="20200901 14:24:03.164" endtime="20200901 14:24:06.509"></status>
</kw>
<kw name="Select product from search results" library="AmazonApp">
<kw name="Click Element" library="SeleniumLibrary">
<doc>Click the element identified by ``locator``.</doc>
<arguments>
<arg>xpath=//span[contains(text(),'Ferrari 458 Italia Red 1')]</arg>
</arguments>
<msg timestamp="20200901 14:24:06.510" level="INFO">Clicking element 'xpath=//span[contains(text(),'Ferrari 458 Italia Red 1')]'.</msg>
<status status="PASS" starttime="20200901 14:24:06.510" endtime="20200901 14:24:09.772"></status>
</kw>
<kw name="Wait Until Page Contains" library="SeleniumLibrary">
<doc>Waits until ``text`` appears on the current page.</doc>
<arguments>
<arg>Back to results</arg>
</arguments>
<status status="PASS" starttime="20200901 14:24:09.772" endtime="20200901 14:24:09.850"></status>
</kw>
<status status="PASS" starttime="20200901 14:24:06.509" endtime="20200901 14:24:09.850"></status>
</kw>
<kw name="Add product to cart" library="AmazonApp">
<kw name="Click Button" library="SeleniumLibrary">
<doc>Clicks the button identified by ``locator``.</doc>
<arguments>
<arg>id=add-to-cart-button</arg>
</arguments>
<msg timestamp="20200901 14:24:09.851" level="INFO">Clicking button 'id=add-to-cart-button'.</msg>
<status status="PASS" starttime="20200901 14:24:09.851" endtime="20200901 14:24:12.026"></status>
</kw>
<kw name="Wait Until Page Contains" library="SeleniumLibrary">
<doc>Waits until ``text`` appears on the current page.</doc>
<arguments>
<arg>Added to Cart</arg>
</arguments>
<status status="PASS" starttime="20200901 14:24:12.026" endtime="20200901 14:24:12.065"></status>
</kw>
<status status="PASS" starttime="20200901 14:24:09.850" endtime="20200901 14:24:12.065"></status>
</kw>
<kw name="Begin checkout" library="AmazonApp">
<kw name="Click Link" library="SeleniumLibrary">
<doc>Clicks a link identified by ``locator``.</doc>
<arguments>
<arg>Proceed to checkout (1 item)</arg>
</arguments>
<msg timestamp="20200901 14:24:12.067" level="INFO">Clicking link 'Proceed to checkout (1 item)'.</msg>
<status status="PASS" starttime="20200901 14:24:12.066" endtime="20200901 14:24:12.919"></status>
</kw>
<kw name="Wait Until Page Contains" library="SeleniumLibrary">
<doc>Waits until ``text`` appears on the current page.</doc>
<arguments>
<arg>Continue</arg>
</arguments>
<status status="PASS" starttime="20200901 14:24:12.919" endtime="20200901 14:24:13.077"></status>
</kw>
<kw name="Page Should Contain Button" library="SeleniumLibrary">
<doc>Verifies button ``locator`` is found from current page.</doc>
<arguments>
<arg>id=continue</arg>
</arguments>
<msg timestamp="20200901 14:24:13.094" level="INFO">Current page contains input 'id=continue'.</msg>
<status status="PASS" starttime="20200901 14:24:13.077" endtime="20200901 14:24:13.095"></status>
</kw>
<kw name="Sleep" library="BuiltIn">
<doc>Pauses the test executed for the given time.</doc>
<arguments>
<arg>3s</arg>
</arguments>
<msg timestamp="20200901 14:24:16.097" level="INFO">Slept 3 seconds</msg>
<status status="PASS" starttime="20200901 14:24:13.095" endtime="20200901 14:24:16.097"></status>
</kw>
<status status="PASS" starttime="20200901 14:24:12.066" endtime="20200901 14:24:16.097"></status>
</kw>
<kw name="End web test" library="Common" type="teardown">
<kw name="Close Browser" library="SeleniumLibrary">
<doc>Closes the current browser.</doc>
<status status="PASS" starttime="20200901 14:24:16.098" endtime="20200901 14:24:17.485"></status>
</kw>
<status status="PASS" starttime="20200901 14:24:16.098" endtime="20200901 14:24:17.485"></status>
</kw>
<doc>This is some basic info about the test</doc>
<tags>
<tag>Smoke</tag>
</tags>
<status status="PASS" starttime="20200901 14:23:59.796" endtime="20200901 14:24:17.486" critical="yes"></status>
</test>
<kw name="Cleanup Testing Data" library="Common" type="teardown">
<kw name="Log" library="BuiltIn">
<doc>Logs the given message with the given level.</doc>
<arguments>
<arg>I am clea ning up the test data</arg>
</arguments>
<msg timestamp="20200901 14:24:17.487" level="INFO">I am clea ning up the test data</msg>
<status status="PASS" starttime="20200901 14:24:17.487" endtime="20200901 14:24:17.487"></status>
</kw>
<status status="PASS" starttime="20200901 14:24:17.487" endtime="20200901 14:24:17.487"></status>
</kw>
<doc>This is some basic infor about the whole suit</doc>
<status status="PASS" starttime="20200901 14:23:49.662" endtime="20200901 14:24:17.487"></status>
</suite>
<statistics>
<total>
<stat pass="2" fail="0">Critical Tests</stat>
<stat pass="2" fail="0">All Tests</stat>
</total>
<tag>
<stat pass="2" fail="0">Smoke</stat>
</tag>
<suite>
<stat pass="2" fail="0" id="s1" name="Amazon">Amazon</stat>
</suite>
</statistics>
<errors>
</errors>
</robot>
